# mur		muf		alpsfact	dynamical_scale	pdf		cross-section
1.0		1.0		1.0		-1		247000		2.1344
0.5		0.5		1.0		-1		247000		2.05358813067
0.5		0.5		1.0		1		247000		2.00477559858
0.5		0.5		1.0		2		247000		2.00690163799
0.5		0.5		1.0		3		247000		1.85765730165
0.5		0.5		1.0		4		247000		2.05358813075
0.5		1.0		1.0		-1		247000		2.1344
0.5		1.0		1.0		1		247000		2.10340678645
0.5		1.0		1.0		2		247000		2.10473959454
0.5		1.0		1.0		3		247000		2.00690163799
0.5		1.0		1.0		4		247000		2.13440000008
0.5		2.0		1.0		-1		247000		2.16367453088
0.5		2.0		1.0		1		247000		2.15613250063
0.5		2.0		1.0		2		247000		2.15658423075
0.5		2.0		1.0		3		247000		2.10473959454
0.5		2.0		1.0		4		247000		2.16367453095
1.0		0.5		1.0		-1		247000		2.05358813067
1.0		0.5		1.0		1		247000		2.00477559858
1.0		0.5		1.0		2		247000		2.00690163799
1.0		0.5		1.0		3		247000		1.85765730165
1.0		0.5		1.0		4		247000		2.05358813075
1.0		1.0		1.0		1		247000		2.10340678645
1.0		1.0		1.0		2		247000		2.10473959454
1.0		1.0		1.0		3		247000		2.00690163799
1.0		1.0		1.0		4		247000		2.13440000008
1.0		2.0		1.0		-1		247000		2.16367453088
1.0		2.0		1.0		1		247000		2.15613250063
1.0		2.0		1.0		2		247000		2.15658423075
1.0		2.0		1.0		3		247000		2.10473959454
1.0		2.0		1.0		4		247000		2.16367453095
2.0		0.5		1.0		-1		247000		2.05358813067
2.0		0.5		1.0		1		247000		2.00477559858
2.0		0.5		1.0		2		247000		2.00690163799
2.0		0.5		1.0		3		247000		1.85765730165
2.0		0.5		1.0		4		247000		2.05358813075
2.0		1.0		1.0		-1		247000		2.1344
2.0		1.0		1.0		1		247000		2.10340678645
2.0		1.0		1.0		2		247000		2.10473959454
2.0		1.0		1.0		3		247000		2.00690163799
2.0		1.0		1.0		4		247000		2.13440000008
2.0		2.0		1.0		-1		247000		2.16367453088
2.0		2.0		1.0		1		247000		2.15613250063
2.0		2.0		1.0		2		247000		2.15658423075
2.0		2.0		1.0		3		247000		2.10473959454
2.0		2.0		1.0		4		247000		2.16367453095
1.0		1.0		1.0		-1		247000		2.1344
1.0		1.0		1.0		-1		247001		2.10679139376
1.0		1.0		1.0		-1		247002		2.14518038605
1.0		1.0		1.0		-1		247003		2.10998759943
1.0		1.0		1.0		-1		247004		2.12807776396
1.0		1.0		1.0		-1		247005		2.24993902854
1.0		1.0		1.0		-1		247006		2.09884286553
1.0		1.0		1.0		-1		247007		2.11064538441
1.0		1.0		1.0		-1		247008		2.15707054118
1.0		1.0		1.0		-1		247009		2.15520160616
1.0		1.0		1.0		-1		247010		2.06883823372
1.0		1.0		1.0		-1		247011		2.07989764636
1.0		1.0		1.0		-1		247012		2.13220615497
1.0		1.0		1.0		-1		247013		2.17733423442
1.0		1.0		1.0		-1		247014		2.1294695216
1.0		1.0		1.0		-1		247015		2.10578451501
1.0		1.0		1.0		-1		247016		2.10244963643
1.0		1.0		1.0		-1		247017		2.09169290152
1.0		1.0		1.0		-1		247018		2.15520145472
1.0		1.0		1.0		-1		247019		2.16796985933
1.0		1.0		1.0		-1		247020		2.27920713448
1.0		1.0		1.0		-1		247021		2.0879799151
1.0		1.0		1.0		-1		247022		2.13816174508
1.0		1.0		1.0		-1		247023		2.24626126658
1.0		1.0		1.0		-1		247024		2.04573594726
1.0		1.0		1.0		-1		247025		2.15027657714
1.0		1.0		1.0		-1		247026		2.13188085685
1.0		1.0		1.0		-1		247027		2.17883737308
1.0		1.0		1.0		-1		247028		2.1311483596
1.0		1.0		1.0		-1		247029		2.18687595178
1.0		1.0		1.0		-1		247030		2.180539493
1.0		1.0		1.0		-1		247031		2.1144822259
1.0		1.0		1.0		-1		247032		2.06272223576
1.0		1.0		1.0		-1		247033		2.13198300171
1.0		1.0		1.0		-1		247034		2.10187818621
1.0		1.0		1.0		-1		247035		2.09608826605
1.0		1.0		1.0		-1		247036		2.13515692292
1.0		1.0		1.0		-1		247037		2.17082427306
1.0		1.0		1.0		-1		247038		2.10469709197
1.0		1.0		1.0		-1		247039		2.18300667738
1.0		1.0		1.0		-1		247040		2.17202059203
1.0		1.0		1.0		-1		247041		2.10638508399
1.0		1.0		1.0		-1		247042		2.12265240726
1.0		1.0		1.0		-1		247043		2.10179047856
1.0		1.0		1.0		-1		247044		2.12530895709
1.0		1.0		1.0		-1		247045		2.1357108196
1.0		1.0		1.0		-1		247046		2.18281919951
1.0		1.0		1.0		-1		247047		2.10025589598
1.0		1.0		1.0		-1		247048		2.1095345641
1.0		1.0		1.0		-1		247049		2.1361284325
1.0		1.0		1.0		-1		247050		2.12408604385
1.0		1.0		1.0		-1		247051		2.1736018725
1.0		1.0		1.0		-1		247052		2.1456158482
1.0		1.0		1.0		-1		247053		2.08873305459
1.0		1.0		1.0		-1		247054		2.08980984963
1.0		1.0		1.0		-1		247055		2.1408533172
1.0		1.0		1.0		-1		247056		2.1842182624
1.0		1.0		1.0		-1		247057		2.07529750737
1.0		1.0		1.0		-1		247058		2.20427867445
1.0		1.0		1.0		-1		247059		2.10328546744
1.0		1.0		1.0		-1		247060		2.22656436609
1.0		1.0		1.0		-1		247061		2.10137442057
1.0		1.0		1.0		-1		247062		2.18462793305
1.0		1.0		1.0		-1		247063		2.03851010666
1.0		1.0		1.0		-1		247064		2.10804175558
1.0		1.0		1.0		-1		247065		2.14451869883
1.0		1.0		1.0		-1		247066		2.10963259177
1.0		1.0		1.0		-1		247067		2.11387482924
1.0		1.0		1.0		-1		247068		2.09405512213
1.0		1.0		1.0		-1		247069		2.19472578271
1.0		1.0		1.0		-1		247070		2.13738687291
1.0		1.0		1.0		-1		247071		2.09969745626
1.0		1.0		1.0		-1		247072		2.15460978855
1.0		1.0		1.0		-1		247073		2.13332085641
1.0		1.0		1.0		-1		247074		2.13720358108
1.0		1.0		1.0		-1		247075		2.13833400484
1.0		1.0		1.0		-1		247076		2.13620127881
1.0		1.0		1.0		-1		247077		2.12170944212
1.0		1.0		1.0		-1		247078		2.10347816377
1.0		1.0		1.0		-1		247079		2.19057692151
1.0		1.0		1.0		-1		247080		2.25083751486
1.0		1.0		1.0		-1		247081		2.14945581897
1.0		1.0		1.0		-1		247082		2.14556042995
1.0		1.0		1.0		-1		247083		2.03228117349
1.0		1.0		1.0		-1		247084		2.28596128925
1.0		1.0		1.0		-1		247085		2.07453605432
1.0		1.0		1.0		-1		247086		2.20311680841
1.0		1.0		1.0		-1		247087		2.13951071598
1.0		1.0		1.0		-1		247088		2.11813132002
1.0		1.0		1.0		-1		247089		2.07958480744
1.0		1.0		1.0		-1		247090		2.16328032021
1.0		1.0		1.0		-1		247091		2.13469465774
1.0		1.0		1.0		-1		247092		2.03867270114
1.0		1.0		1.0		-1		247093		1.95116459492
1.0		1.0		1.0		-1		247094		2.16745759612
1.0		1.0		1.0		-1		247095		2.22813503976
1.0		1.0		1.0		-1		247096		2.14261933881
1.0		1.0		1.0		-1		247097		2.11532140722
1.0		1.0		1.0		-1		247098		2.12985887118
1.0		1.0		1.0		-1		247099		2.1512805399
1.0		1.0		1.0		-1		247100		2.10359817693

#***************************************************************************
#
# original cross-section: 2.1344
#     scale variation: +1.37% -3.79%
#     central scheme variation: +3.52e-09% -5.97%
# PDF variation: +2.44% -2.44%
#
# dynamical scheme # 1 : 2.10341 +2.51% -4.69% # \sum ET
# dynamical scheme # 2 : 2.10474 +2.46% -4.65% # \sum\sqrt{m^2+pt^2}
# dynamical scheme # 3 : 2.0069 +4.88% -7.44% # 0.5 \sum\sqrt{m^2+pt^2}
# dynamical scheme # 4 : 2.1344 +1.37% -3.79% # \sqrt{\hat s}
#***************************************************************************
